SF:lib/app/data/models/default_response_model.dart
DA:7,3
DA:12,4
LF:2
LH:2
end_of_record
SF:lib/app/data/models/error_model.dart
DA:4,5
LF:1
LH:1
end_of_record
SF:lib/app/data/models/motel_model.dart
DA:11,2
DA:20,1
DA:21,1
DA:22,1
DA:23,1
DA:24,1
DA:25,1
DA:26,1
DA:27,1
DA:28,4
LF:10
LH:10
end_of_record
SF:lib/app/data/models/paginable_model.dart
DA:6,3
DA:12,0
DA:14,1
DA:16,1
DA:17,1
DA:18,1
DA:19,1
DA:20,5
DA:24,0
DA:26,0
DA:27,0
DA:28,3
DA:30,0
DA:31,0
DA:34,0
DA:39,0
DA:40,0
DA:41,0
DA:42,0
LF:19
LH:8
end_of_record
SF:lib/app/data/repositories/motels_repository.dart
DA:10,1
DA:12,1
DA:13,1
DA:14,3
LF:4
LH:4
end_of_record
SF:lib/app/business_logic/base_state.dart
DA:8,1
LF:1
LH:1
end_of_record
SF:lib/app/business_logic/cubits/motels/motels_cubit.dart
DA:8,3
DA:10,1
DA:11,3
DA:13,2
DA:15,1
DA:16,3
DA:18,1
DA:21,3
DA:23,1
DA:28,1
DA:31,1
DA:32,1
LF:12
LH:12
end_of_record
SF:lib/app/business_logic/cubits/motels/motels_state.dart
DA:13,2
DA:14,2
DA:15,2
DA:21,1
DA:28,1
DA:34,1
DA:36,1
DA:37,1
DA:38,1
LF:9
LH:9
end_of_record
SF:lib/app/data/models/category_item_model.dart
DA:5,1
DA:10,1
DA:11,1
DA:12,1
DA:13,1
LF:5
LH:5
end_of_record
SF:lib/app/data/models/item_model.dart
DA:4,1
DA:6,1
DA:7,1
DA:8,1
LF:4
LH:4
end_of_record
SF:lib/app/data/models/suite_model.dart
DA:14,1
DA:24,1
DA:25,1
DA:26,1
DA:27,1
DA:28,1
DA:29,2
DA:31,5
DA:32,1
DA:33,4
DA:34,1
DA:35,4
LF:12
LH:12
end_of_record
SF:lib/app/data/models/period_model.dart
DA:8,1
DA:16,1
DA:17,1
DA:18,1
DA:19,1
DA:20,1
DA:21,1
DA:22,2
LF:8
LH:8
end_of_record
SF:lib/app/data/services/execute_service.dart
DA:5,2
DA:8,2
DA:9,2
DA:10,2
DA:11,2
LF:5
LH:5
end_of_record
SF:lib/app/core/helpers/app_helpers.dart
DA:6,1
DA:9,1
DA:11,1
DA:12,2
DA:13,1
DA:14,1
LF:6
LH:6
end_of_record
SF:lib/app/data/adapters/http_error_adapter.dart
DA:8,2
DA:10,2
DA:12,4
LF:3
LH:3
end_of_record
SF:lib/app/data/data_sources/motels_data_source_imp.dart
DA:11,1
DA:13,1
DA:15,2
DA:16,3
DA:17,1
LF:5
LH:5
end_of_record
SF:lib/app/data/services/http/http_service_imp.dart
DA:12,1
DA:14,1
DA:23,2
DA:24,1
DA:26,1
DA:27,1
DA:28,1
DA:31,1
DA:32,2
DA:37,1
DA:43,1
DA:45,1
DA:46,1
LF:13
LH:13
end_of_record
